<?xml version="1.0" encoding="UTF-8"?>
<testsuite xmlns:xsi="http://www.w3.org/2001/XMLSchema-instance" xsi:noNamespaceSchemaLocation="https://maven.apache.org/surefire/maven-surefire-plugin/xsd/surefire-test-report-3.0.xsd" version="3.0" name="com.luckybandit.tests.BalanceVerificationTest" time="15.738" tests="1" errors="0" skipped="0" failures="0">
  <properties>
[...]
</properties>
  <testcase name="verifyBalance" classname="com.luckybandit.tests.BalanceVerificationTest" time="15.716">
    <system-out><![CDATA[0    [main] INFO  io.github.bonigarcia.wdm.WebDriverManager  - Using chromedriver 128.0.6613.84 (resolved driver for Chrome 128)
78   [main] INFO  io.github.bonigarcia.wdm.online.Downloader  - Downloading https://storage.googleapis.com/chrome-for-testing-public/128.0.6613.84/win64/chromedriver-win64.zip
952  [main] INFO  io.github.bonigarcia.wdm.online.Downloader  - Extracting driver from compressed file chromedriver-win64.zip
1087 [main] INFO  io.github.bonigarcia.wdm.WebDriverManager  - Exporting webdriver.chrome.driver as C:\Users\svetl\.cache\selenium\chromedriver\win64\128.0.6613.84\chromedriver.exe
]]></system-out>
    <system-err><![CDATA[авг 25, 2024 8:32:17 СЛ.ОБ. org.openqa.selenium.devtools.CdpVersionFinder findNearestMatch
WARNING: Unable to find an exact match for CDP version 128, returning the closest version; found: 127; Please update to a Selenium version that supports CDP version 128
]]></system-err>
  </testcase>
</testsuite>